Arguments: 
  C:\Program Files\nodejs\node.exe C:\Users\Ryan\AppData\Roaming\npm\node_modules\yarn\bin\yarn.js init

PATH: 
  C:\Users\Ryan\local\bin;C:\Users\Ryan\bin;C:\Program Files\Git\mingw64\bin;C:\Program Files\Git\usr\local\bin;C:\Program Files\Git\usr\bin;C:\Program Files\Git\usr\bin;C:\Program Files\Git\mingw64\bin;C:\Program Files\Git\usr\bin;C:\Users\Ryan\bin;C:\Program Files\ImageMagick-7.0.5-Q16;C:\Program Files\NVIDIA GPU Computing Toolkit\CUDA\v8.0\bin;C:\Program Files\NVIDIA GPU Computing Toolkit\CUDA\v8.0\libnvvp;C:\Program Files\ImageMagick-6.9.3-Q16;C:\ProgramData\Oracle\Java\javapath;C:\Program Files (x86)\Intel\iCLS Client;C:\Program Files\Intel\iCLS Client;C:\WINDOWS\system32;C:\WINDOWS;C:\WINDOWS\System32\Wbem;C:\WINDOWS\System32\WindowsPowerShell\v1.0;C:\Program Files\Intel\Intel(R) Management Engine Components\DAL;C:\Program Files\Intel\Intel(R) Management Engine Components\IPT;C:\Program Files (x86)\Intel\Intel(R) Management Engine Components\DAL;C:\Program Files (x86)\Intel\Intel(R) Management Engine Components\IPT;C:\Program Files\Intel\WiFi\bin;C:\Program Files\Common Files\Intel\WirelessCommon;C:\Applied Biosystems\SeqScanner\bin;C:\Program Files (x86)\MiKTeX 2.9\miktex\bin;C:\Program Files (x86)\MATLAB\R2014b\runtime\win32;C:\Program Files (x86)\MATLAB\R2014b\bin;C:\Program Files (x86)\NVIDIA Corporation\PhysX\Common;C:\Program Files (x86)\Skype\Phone;C:\Program Files (x86)\Windows Live\Shared;C:\HashiCorp\Vagrant\bin;C:\Program Files (x86)\Heroku\bin;C:\Program Files (x86)\Windows Kits\10\Windows Performance Toolkit;C:\Program Files (x86)\GtkSharp\2.12\bin;C:\WINDOWS\system32;C:\WINDOWS;C:\WINDOWS\System32\Wbem;C:\WINDOWS\System32\WindowsPowerShell\v1.0;C:\TDM-GCC-64\bin;C:\Program Files\nodejs;C:\Program Files\Git\cmd;C:\Users\Ryan\Anaconda2;C:\Users\Ryan\Anaconda2\Scripts;C:\Users\Ryan\Anaconda2\Library\bin;C:\Users\Ryan\Anaconda3;C:\Users\Ryan\Anaconda3\Scripts;C:\Users\Ryan\Anaconda3\Library\bin;C:\Program Files (x86)\NVIDIA Corporation\PhysX\Common;C:\Program Files (x86)\Intel\iCLS Client;C:\Program Files\Intel\iCLS Client;C:\windows\system32;C:\windows;C:\windows\System32\Wbem;C:\windows\System32\WindowsPowerShell\v1.0;C:\Program Files\Intel\Intel(R) Management Engine Components\DAL;C:\Program Files\Intel\Intel(R) Management Engine Components\IPT;C:\Program Files (x86)\Intel\Intel(R) Management Engine Components\DAL;C:\Program Files (x86)\Intel\Intel(R) Management Engine Components\IPT;C:\Program Files\Intel\WiFi\bin;C:\Program Files\Common Files\Intel\WirelessCommon;C:\Applied Biosystems\SeqScanner\bin;C:\Program Files (x86)\SSH Communications Security\SSH Secure Shell;C:\Users\Ryan\AppData\Local\Microsoft\WindowsApps;C:\Python34;C:\Python34\Scripts;C:\Users\Ryan\Anaconda2\MinGW\bin;C:\Program Files (x86)\Git\bin;C:\Users\Ryan\AppData\Roaming\npm;C:\Program Files\Microsoft VS Code\bin;C:\Program Files\Git\usr\bin\vendor_perl;C:\Program Files\Git\usr\bin\core_perl

Yarn version: 
  1.0.2

Node version: 
  8.4.0

Platform: 
  win32 x64

npm manifest: 
  No manifest

yarn manifest: 
  No manifest

Lockfile: 
  No lockfile

Trace: 
  Error: Can't answer a question unless a user TTY
      at ConsoleReporter.question (C:\Users\Ryan\AppData\Roaming\npm\node_modules\yarn\lib\cli.js:85363:59)
      at Object.<anonymous> (C:\Users\Ryan\AppData\Roaming\npm\node_modules\yarn\lib\cli.js:79970:38)
      at Generator.next (<anonymous>)
      at step (C:\Users\Ryan\AppData\Roaming\npm\node_modules\yarn\lib\cli.js:92:30)
      at C:\Users\Ryan\AppData\Roaming\npm\node_modules\yarn\lib\cli.js:103:13
      at <anonymous>
